<?xml version="1.0" encoding="UTF-8"?>
<!-- Generated by org.testng.reporters.JUnitReportReporter -->
<testsuite hostname="DESKTOP-J0VVEUS" failures="0" tests="1" name="com.actitime.testscript.CustmerModule" time="62.181" errors="0" timestamp="2023-07-26T17:17:58 IST" skipped="0">
  <testcase classname="com.actitime.testscript.CustmerModule" name="testCreateCustomer" time="62.181">
    <system-out>
      <![CDATA[Exicution started
 customer is created successfully]]>
    </system-out>
  </testcase> <!-- testCreateCustomer -->
  <system-out>
    <![CDATA[Exicution started
 customer is created successfully]]>
  </system-out>
</testsuite> <!-- com.actitime.testscript.CustmerModule -->
